/tmp/tmpXXggbdJB.asm:
     1                          MODULE main_c
     2                          LINE 0, "main.c"
main.c:
                                
     1                          ;--------------------------------------------------------
     2                          ; File Created by SDCC : free open source ISO C Compiler
     3                          ; Version 4.3.0 #14210 (Linux)
     4                          ;--------------------------------------------------------
     5                          ; Processed by Z88DK
     6                          ;--------------------------------------------------------
     7                          
     8                          	EXTERN __divschar
     9                          	EXTERN __divschar_callee
    10                          	EXTERN __divsint
    11                          	EXTERN __divsint_callee
    12                          	EXTERN __divslong
    13                          	EXTERN __divslong_callee
    14                          	EXTERN __divslonglong
    15                          	EXTERN __divslonglong_callee
    16                          	EXTERN __divsuchar
    17                          	EXTERN __divsuchar_callee
    18                          	EXTERN __divuchar
    19                          	EXTERN __divuchar_callee
    20                          	EXTERN __divuint
    21                          	EXTERN __divuint_callee
    22                          	EXTERN __divulong
    23                          	EXTERN __divulong_callee
    24                          	EXTERN __divulonglong
    25                          	EXTERN __divulonglong_callee
    26                          	EXTERN __divuschar
    27                          	EXTERN __divuschar_callee
    28                          	EXTERN __modschar
    29                          	EXTERN __modschar_callee
    30                          	EXTERN __modsint
    31                          	EXTERN __modsint_callee
    32                          	EXTERN __modslong
    33                          	EXTERN __modslong_callee
    34                          	EXTERN __modslonglong
    35                          	EXTERN __modslonglong_callee
    36                          	EXTERN __modsuchar
    37                          	EXTERN __modsuchar_callee
    38                          	EXTERN __moduchar
    39                          	EXTERN __moduchar_callee
    40                          	EXTERN __moduint
    41                          	EXTERN __moduint_callee
    42                          	EXTERN __modulong
    43                          	EXTERN __modulong_callee
    44                          	EXTERN __modulonglong
    45                          	EXTERN __modulonglong_callee
    46                          	EXTERN __moduschar
    47                          	EXTERN __moduschar_callee
    48                          	EXTERN __mulint
    49                          	EXTERN __mulint_callee
    50                          	EXTERN __mullong
    51                          	EXTERN __mullong_callee
    52                          	EXTERN __mullonglong
    53                          	EXTERN __mullonglong_callee
    54                          	EXTERN __mulschar
    55                          	EXTERN __mulschar_callee
    56                          	EXTERN __mulsuchar
    57                          	EXTERN __mulsuchar_callee
    58                          	EXTERN __muluchar
    59                          	EXTERN __muluchar_callee
    60                          	EXTERN __muluschar
    61                          	EXTERN __muluschar_callee
    62                          	EXTERN __rlslonglong
    63                          	EXTERN __rlslonglong_callee
    64                          	EXTERN __rlulonglong
    65                          	EXTERN __rlulonglong_callee
    66                          	EXTERN __rrslonglong
    67                          	EXTERN __rrslonglong_callee
    68                          	EXTERN __rrulonglong
    69                          	EXTERN __rrulonglong_callee
    70                          	EXTERN ___mulsint2slong
    71                          	EXTERN ___mulsint2slong_callee
    72                          	EXTERN ___muluint2ulong
    73                          	EXTERN ___muluint2ulong_callee
    74                          	EXTERN ___sdcc_call_hl
    75                          	EXTERN ___sdcc_call_iy
    76                          	EXTERN ___sdcc_enter_ix
    77                          	EXTERN banked_call
    78                          	EXTERN _banked_ret
    79                          	EXTERN ___fs2schar
    80                          	EXTERN ___fs2schar_callee
    81                          	EXTERN ___fs2sint
    82                          	EXTERN ___fs2sint_callee
    83                          	EXTERN ___fs2slong
    84                          	EXTERN ___fs2slong_callee
    85                          	EXTERN ___fs2slonglong
    86                          	EXTERN ___fs2slonglong_callee
    87                          	EXTERN ___fs2uchar
    88                          	EXTERN ___fs2uchar_callee
    89                          	EXTERN ___fs2uint
    90                          	EXTERN ___fs2uint_callee
    91                          	EXTERN ___fs2ulong
    92                          	EXTERN ___fs2ulong_callee
    93                          	EXTERN ___fs2ulonglong
    94                          	EXTERN ___fs2ulonglong_callee
    95                          	EXTERN ___fsadd
    96                          	EXTERN ___fsadd_callee
    97                          	EXTERN ___fsdiv
    98                          	EXTERN ___fsdiv_callee
    99                          	EXTERN ___fseq
   100                          	EXTERN ___fseq_callee
   101                          	EXTERN ___fsgt
   102                          	EXTERN ___fsgt_callee
   103                          	EXTERN ___fslt
   104                          	EXTERN ___fslt_callee
   105                          	EXTERN ___fsmul
   106                          	EXTERN ___fsmul_callee
   107                          	EXTERN ___fsneq
   108                          	EXTERN ___fsneq_callee
   109                          	EXTERN ___fssub
   110                          	EXTERN ___fssub_callee
   111                          	EXTERN ___schar2fs
   112                          	EXTERN ___schar2fs_callee
   113                          	EXTERN ___sint2fs
   114                          	EXTERN ___sint2fs_callee
   115                          	EXTERN ___slong2fs
   116                          	EXTERN ___slong2fs_callee
   117                          	EXTERN ___slonglong2fs
   118                          	EXTERN ___slonglong2fs_callee
   119                          	EXTERN ___uchar2fs
   120                          	EXTERN ___uchar2fs_callee
   121                          	EXTERN ___uint2fs
   122                          	EXTERN ___uint2fs_callee
   123                          	EXTERN ___ulong2fs
   124                          	EXTERN ___ulong2fs_callee
   125                          	EXTERN ___ulonglong2fs
   126                          	EXTERN ___ulonglong2fs_callee
   127                          	EXTERN ____sdcc_2_copy_src_mhl_dst_deix
   128                          	EXTERN ____sdcc_2_copy_src_mhl_dst_bcix
   129                          	EXTERN ____sdcc_4_copy_src_mhl_dst_deix
   130                          	EXTERN ____sdcc_4_copy_src_mhl_dst_bcix
   131                          	EXTERN ____sdcc_4_copy_src_mhl_dst_mbc
   132                          	EXTERN ____sdcc_4_ldi_nosave_bc
   133                          	EXTERN ____sdcc_4_ldi_save_bc
   134                          	EXTERN ____sdcc_4_push_hlix
   135                          	EXTERN ____sdcc_4_push_mhl
   136                          	EXTERN ____sdcc_lib_setmem_hl
   137                          	EXTERN ____sdcc_ll_add_de_bc_hl
   138                          	EXTERN ____sdcc_ll_add_de_bc_hlix
   139                          	EXTERN ____sdcc_ll_add_de_hlix_bc
   140                          	EXTERN ____sdcc_ll_add_de_hlix_bcix
   141                          	EXTERN ____sdcc_ll_add_deix_bc_hl
   142                          	EXTERN ____sdcc_ll_add_deix_hlix
   143                          	EXTERN ____sdcc_ll_add_hlix_bc_deix
   144                          	EXTERN ____sdcc_ll_add_hlix_deix_bc
   145                          	EXTERN ____sdcc_ll_add_hlix_deix_bcix
   146                          	EXTERN ____sdcc_ll_asr_hlix_a
   147                          	EXTERN ____sdcc_ll_asr_mbc_a
   148                          	EXTERN ____sdcc_ll_copy_src_de_dst_hlix
   149                          	EXTERN ____sdcc_ll_copy_src_de_dst_hlsp
   150                          	EXTERN ____sdcc_ll_copy_src_deix_dst_hl
   151                          	EXTERN ____sdcc_ll_copy_src_deix_dst_hlix
   152                          	EXTERN ____sdcc_ll_copy_src_deixm_dst_hlsp
   153                          	EXTERN ____sdcc_ll_copy_src_desp_dst_hlsp
   154                          	EXTERN ____sdcc_ll_copy_src_hl_dst_de
   155                          	EXTERN ____sdcc_ll_copy_src_hlsp_dst_de
   156                          	EXTERN ____sdcc_ll_copy_src_hlsp_dst_deixm
   157                          	EXTERN ____sdcc_ll_lsl_hlix_a
   158                          	EXTERN ____sdcc_ll_lsl_mbc_a
   159                          	EXTERN ____sdcc_ll_lsr_hlix_a
   160                          	EXTERN ____sdcc_ll_lsr_mbc_a
   161                          	EXTERN ____sdcc_ll_push_hlix
   162                          	EXTERN ____sdcc_ll_push_mhl
   163                          	EXTERN ____sdcc_ll_sub_de_bc_hl
   164                          	EXTERN ____sdcc_ll_sub_de_bc_hlix
   165                          	EXTERN ____sdcc_ll_sub_de_hlix_bc
   166                          	EXTERN ____sdcc_ll_sub_de_hlix_bcix
   167                          	EXTERN ____sdcc_ll_sub_deix_bc_hl
   168                          	EXTERN ____sdcc_ll_sub_deix_hlix
   169                          	EXTERN ____sdcc_ll_sub_hlix_bc_deix
   170                          	EXTERN ____sdcc_ll_sub_hlix_deix_bc
   171                          	EXTERN ____sdcc_ll_sub_hlix_deix_bcix
   172                          	EXTERN ____sdcc_load_debc_deix
   173                          	EXTERN ____sdcc_load_dehl_deix
   174                          	EXTERN ____sdcc_load_debc_mhl
   175                          	EXTERN ____sdcc_load_hlde_mhl
   176                          	EXTERN ____sdcc_store_dehl_bcix
   177                          	EXTERN ____sdcc_store_debc_hlix
   178                          	EXTERN ____sdcc_store_debc_mhl
   179                          	EXTERN ____sdcc_cpu_pop_ei
   180                          	EXTERN ____sdcc_cpu_pop_ei_jp
   181                          	EXTERN ____sdcc_cpu_push_di
   182                          	EXTERN ____sdcc_outi
   183                          	EXTERN ____sdcc_outi_128
   184                          	EXTERN ____sdcc_outi_256
   185                          	EXTERN ____sdcc_ldi
   186                          	EXTERN ____sdcc_ldi_128
   187                          	EXTERN ____sdcc_ldi_256
   188                          	EXTERN ____sdcc_4_copy_srcd_hlix_dst_deix
   189                          	EXTERN ____sdcc_4_and_src_mbc_mhl_dst_deix
   190                          	EXTERN ____sdcc_4_or_src_mbc_mhl_dst_deix
   191                          	EXTERN ____sdcc_4_xor_src_mbc_mhl_dst_deix
   192                          	EXTERN ____sdcc_4_or_src_dehl_dst_bcix
   193                          	EXTERN ____sdcc_4_xor_src_dehl_dst_bcix
   194                          	EXTERN ____sdcc_4_and_src_dehl_dst_bcix
   195                          	EXTERN ____sdcc_4_xor_src_mbc_mhl_dst_debc
   196                          	EXTERN ____sdcc_4_or_src_mbc_mhl_dst_debc
   197                          	EXTERN ____sdcc_4_and_src_mbc_mhl_dst_debc
   198                          	EXTERN ____sdcc_4_cpl_src_mhl_dst_debc
   199                          	EXTERN ____sdcc_4_xor_src_debc_mhl_dst_debc
   200                          	EXTERN ____sdcc_4_or_src_debc_mhl_dst_debc
   201                          	EXTERN ____sdcc_4_and_src_debc_mhl_dst_debc
   202                          	EXTERN ____sdcc_4_and_src_debc_hlix_dst_debc
   203                          	EXTERN ____sdcc_4_or_src_debc_hlix_dst_debc
   204                          	EXTERN ____sdcc_4_xor_src_debc_hlix_dst_debc
   205                          
   206                          ;--------------------------------------------------------
   207                          ; Public variables in this module
   208                          ;--------------------------------------------------------
   209                          	GLOBAL _main
   210                          ;--------------------------------------------------------
   211                          ; Externals used
   212                          ;--------------------------------------------------------
   213                          	GLOBAL _wait_for_key
   214                          	GLOBAL _ffsll_callee
   215                          	GLOBAL _ffsll
   216                          	GLOBAL _strxfrm_callee
   217                          	GLOBAL _strxfrm
   218                          	GLOBAL _strupr_fastcall
   219                          	GLOBAL _strupr
   220                          	GLOBAL _strtok_r_callee
   221                          	GLOBAL _strtok_r
   222                          	GLOBAL _strtok_callee
   223                          	GLOBAL _strtok
   224                          	GLOBAL _strstrip_fastcall
   225                          	GLOBAL _strstrip
   226                          	GLOBAL _strstr_callee
   227                          	GLOBAL _strstr
   228                          	GLOBAL _strspn_callee
   229                          	GLOBAL _strspn
   230                          	GLOBAL _strsep_callee
   231                          	GLOBAL _strsep
   232                          	GLOBAL _strrstrip_fastcall
   233                          	GLOBAL _strrstrip
   234                          	GLOBAL _strrstr_callee
   235                          	GLOBAL _strrstr
   236                          	GLOBAL _strrspn_callee
   237                          	GLOBAL _strrspn
   238                          	GLOBAL _strrev_fastcall
   239                          	GLOBAL _strrev
   240                          	GLOBAL _strrcspn_callee
   241                          	GLOBAL _strrcspn
   242                          	GLOBAL _strrchr_callee
   243                          	GLOBAL _strrchr
   244                          	GLOBAL _strpbrk_callee
   245                          	GLOBAL _strpbrk
   246                          	GLOBAL _strnlen_callee
   247                          	GLOBAL _strnlen
   248                          	GLOBAL _strnicmp_callee
   249                          	GLOBAL _strnicmp
   250                          	GLOBAL _strndup_callee
   251                          	GLOBAL _strndup
   252                          	GLOBAL _strncpy_callee
   253                          	GLOBAL _strncpy
   254                          	GLOBAL _strncmp_callee
   255                          	GLOBAL _strncmp
   256                          	GLOBAL _strnchr_callee
   257                          	GLOBAL _strnchr
   258                          	GLOBAL _strncat_callee
   259                          	GLOBAL _strncat
   260                          	GLOBAL _strncasecmp_callee
   261                          	GLOBAL _strncasecmp
   262                          	GLOBAL _strlwr_fastcall
   263                          	GLOBAL _strlwr
   264                          	GLOBAL _strlen_fastcall
   265                          	GLOBAL _strlen
   266                          	GLOBAL _strlcpy_callee
   267                          	GLOBAL _strlcpy
   268                          	GLOBAL _strlcat_callee
   269                          	GLOBAL _strlcat
   270                          	GLOBAL _stricmp_callee
   271                          	GLOBAL _stricmp
   272                          	GLOBAL _strerror_fastcall
   273                          	GLOBAL _strerror
   274                          	GLOBAL _strdup_fastcall
   275                          	GLOBAL _strdup
   276                          	GLOBAL _strcspn_callee
   277                          	GLOBAL _strcspn
   278                          	GLOBAL _strcpy_callee
   279                          	GLOBAL _strcpy
   280                          	GLOBAL _strcoll_callee
   281                          	GLOBAL _strcoll
   282                          	GLOBAL _strcmp_callee
   283                          	GLOBAL _strcmp
   284                          	GLOBAL _strchrnul_callee
   285                          	GLOBAL _strchrnul
   286                          	GLOBAL _strchr_callee
   287                          	GLOBAL _strchr
   288                          	GLOBAL _strcat_callee
   289                          	GLOBAL _strcat
   290                          	GLOBAL _strcasecmp_callee
   291                          	GLOBAL _strcasecmp
   292                          	GLOBAL _stpncpy_callee
   293                          	GLOBAL _stpncpy
   294                          	GLOBAL _stpcpy_callee
   295                          	GLOBAL _stpcpy
   296                          	GLOBAL _memswap_callee
   297                          	GLOBAL _memswap
   298                          	GLOBAL _memset_wr_callee
   299                          	GLOBAL _memset_wr
   300                          	GLOBAL _memset_callee
   301                          	GLOBAL _memset
   302                          	GLOBAL _memrchr_callee
   303                          	GLOBAL _memrchr
   304                          	GLOBAL _memmove_callee
   305                          	GLOBAL _memmove
   306                          	GLOBAL _memmem_callee
   307                          	GLOBAL _memmem
   308                          	GLOBAL _memcpy_callee
   309                          	GLOBAL _memcpy
   310                          	GLOBAL _memcmp_callee
   311                          	GLOBAL _memcmp
   312                          	GLOBAL _memchr_callee
   313                          	GLOBAL _memchr
   314                          	GLOBAL _memccpy_callee
   315                          	GLOBAL _memccpy
   316                          	GLOBAL _ffsl_fastcall
   317                          	GLOBAL _ffsl
   318                          	GLOBAL _ffs_fastcall
   319                          	GLOBAL _ffs
   320                          	GLOBAL __strrstrip__fastcall
   321                          	GLOBAL __strrstrip_
   322                          	GLOBAL __memupr__callee
   323                          	GLOBAL __memupr_
   324                          	GLOBAL __memstrcpy__callee
   325                          	GLOBAL __memstrcpy_
   326                          	GLOBAL __memlwr__callee
   327                          	GLOBAL __memlwr_
   328                          	GLOBAL _rawmemchr_callee
   329                          	GLOBAL _rawmemchr
   330                          	GLOBAL _strnset_callee
   331                          	GLOBAL _strnset
   332                          	GLOBAL _strset_callee
   333                          	GLOBAL _strset
   334                          	GLOBAL _rindex_callee
   335                          	GLOBAL _rindex
   336                          	GLOBAL _index_callee
   337                          	GLOBAL _index
   338                          	GLOBAL _bzero_callee
   339                          	GLOBAL _bzero
   340                          	GLOBAL _bcopy_callee
   341                          	GLOBAL _bcopy
   342                          	GLOBAL _bcmp_callee
   343                          	GLOBAL _bcmp
   344                          	GLOBAL _vscanf_unlocked_callee
   345                          	GLOBAL _vscanf_unlocked
   346                          	GLOBAL _vprintf_unlocked_callee
   347                          	GLOBAL _vprintf_unlocked
   348                          	GLOBAL _vfscanf_unlocked_callee
   349                          	GLOBAL _vfscanf_unlocked
   350                          	GLOBAL _vfprintf_unlocked_callee
   351                          	GLOBAL _vfprintf_unlocked
   352                          	GLOBAL _ungetc_unlocked_callee
   353                          	GLOBAL _ungetc_unlocked
   354                          	GLOBAL _scanf_unlocked
   355                          	GLOBAL _rewind_unlocked_fastcall
   356                          	GLOBAL _rewind_unlocked
   357                          	GLOBAL _puts_unlocked_fastcall
   358                          	GLOBAL _puts_unlocked
   359                          	GLOBAL _putchar_unlocked_fastcall
   360                          	GLOBAL _putchar_unlocked
   361                          	GLOBAL _putc_unlocked_callee
   362                          	GLOBAL _putc_unlocked
   363                          	GLOBAL _printf_unlocked
   364                          	GLOBAL _gets_unlocked_fastcall
   365                          	GLOBAL _gets_unlocked
   366                          	GLOBAL _getline_unlocked_callee
   367                          	GLOBAL _getline_unlocked
   368                          	GLOBAL _getdelim_unlocked_callee
   369                          	GLOBAL _getdelim_unlocked
   370                          	GLOBAL _getchar_unlocked
   371                          	GLOBAL _getc_unlocked_fastcall
   372                          	GLOBAL _getc_unlocked
   373                          	GLOBAL _fwrite_unlocked_callee
   374                          	GLOBAL _fwrite_unlocked
   375                          	GLOBAL _ftell_unlocked_fastcall
   376                          	GLOBAL _ftell_unlocked
   377                          	GLOBAL _fsetpos_unlocked_callee
   378                          	GLOBAL _fsetpos_unlocked
   379                          	GLOBAL _fseek_unlocked_callee
   380                          	GLOBAL _fseek_unlocked
   381                          	GLOBAL _fscanf_unlocked
   382                          	GLOBAL _freopen_unlocked_callee
   383                          	GLOBAL _freopen_unlocked
   384                          	GLOBAL _fread_unlocked_callee
   385                          	GLOBAL _fread_unlocked
   386                          	GLOBAL _fputs_unlocked_callee
   387                          	GLOBAL _fputs_unlocked
   388                          	GLOBAL _fputc_unlocked_callee
   389                          	GLOBAL _fputc_unlocked
   390                          	GLOBAL _fprintf_unlocked
   391                          	GLOBAL _fileno_unlocked_fastcall
   392                          	GLOBAL _fileno_unlocked
   393                          	GLOBAL _fgets_unlocked_callee
   394                          	GLOBAL _fgets_unlocked
   395                          	GLOBAL _fgetpos_unlocked_callee
   396                          	GLOBAL _fgetpos_unlocked
   397                          	GLOBAL _fgetc_unlocked_fastcall
   398                          	GLOBAL _fgetc_unlocked
   399                          	GLOBAL _fflush_unlocked_fastcall
   400                          	GLOBAL _fflush_unlocked
   401                          	GLOBAL _ferror_unlocked_fastcall
   402                          	GLOBAL _ferror_unlocked
   403                          	GLOBAL _feof_unlocked_fastcall
   404                          	GLOBAL _feof_unlocked
   405                          	GLOBAL _fclose_unlocked_fastcall
   406                          	GLOBAL _fclose_unlocked
   407                          	GLOBAL _clearerr_unlocked_fastcall
   408                          	GLOBAL _clearerr_unlocked
   409                          	GLOBAL _vsscanf_callee
   410                          	GLOBAL _vsscanf
   411                          	GLOBAL _vsprintf_callee
   412                          	GLOBAL _vsprintf
   413                          	GLOBAL _vsnprintf_callee
   414                          	GLOBAL _vsnprintf
   415                          	GLOBAL _vscanf_callee
   416                          	GLOBAL _vscanf
   417                          	GLOBAL _vprintf_callee
   418                          	GLOBAL _vprintf
   419                          	GLOBAL _vfscanf_callee
   420                          	GLOBAL _vfscanf
   421                          	GLOBAL _vfprintf_callee
   422                          	GLOBAL _vfprintf
   423                          	GLOBAL _vasprintf_callee
   424                          	GLOBAL _vasprintf
   425                          	GLOBAL _ungetc_callee
   426                          	GLOBAL _ungetc
   427                          	GLOBAL _sscanf
   428                          	GLOBAL _sprintf
   429                          	GLOBAL _snprintf
   430                          	GLOBAL _scanf
   431                          	GLOBAL _rewind_fastcall
   432                          	GLOBAL _rewind
   433                          	GLOBAL _puts_fastcall
   434                          	GLOBAL _puts
   435                          	GLOBAL _putchar_fastcall
   436                          	GLOBAL _putchar
   437                          	GLOBAL _putc_callee
   438                          	GLOBAL _putc
   439                          	GLOBAL _printf
   440                          	GLOBAL _perror_fastcall
   441                          	GLOBAL _perror
   442                          	GLOBAL _open_memstream_callee
   443                          	GLOBAL _open_memstream
   444                          	GLOBAL _obstack_vprintf_callee
   445                          	GLOBAL _obstack_vprintf
   446                          	GLOBAL _obstack_printf
   447                          	GLOBAL _gets_fastcall
   448                          	GLOBAL _gets
   449                          	GLOBAL _getline_callee
   450                          	GLOBAL _getline
   451                          	GLOBAL _getdelim_callee
   452                          	GLOBAL _getdelim
   453                          	GLOBAL _getchar
   454                          	GLOBAL _getc_fastcall
   455                          	GLOBAL _getc
   456                          	GLOBAL _fwrite_callee
   457                          	GLOBAL _fwrite
   458                          	GLOBAL _funlockfile_fastcall
   459                          	GLOBAL _funlockfile
   460                          	GLOBAL _ftrylockfile_fastcall
   461                          	GLOBAL _ftrylockfile
   462                          	GLOBAL _ftell_fastcall
   463                          	GLOBAL _ftell
   464                          	GLOBAL _fsetpos_callee
   465                          	GLOBAL _fsetpos
   466                          	GLOBAL _fseek_callee
   467                          	GLOBAL _fseek
   468                          	GLOBAL _fscanf
   469                          	GLOBAL _freopen_callee
   470                          	GLOBAL _freopen
   471                          	GLOBAL _fread_callee
   472                          	GLOBAL _fread
   473                          	GLOBAL _fputs_callee
   474                          	GLOBAL _fputs
   475                          	GLOBAL _fputc_callee
   476                          	GLOBAL _fputc
   477                          	GLOBAL _fprintf
   478                          	GLOBAL _fopen_callee
   479                          	GLOBAL _fopen
   480                          	GLOBAL _fmemopen_callee
   481                          	GLOBAL _fmemopen
   482                          	GLOBAL _flockfile_fastcall
   483                          	GLOBAL _flockfile
   484                          	GLOBAL _fileno_fastcall
   485                          	GLOBAL _fileno
   486                          	GLOBAL _fgets_callee
   487                          	GLOBAL _fgets
   488                          	GLOBAL _fgetpos_callee
   489                          	GLOBAL _fgetpos
   490                          	GLOBAL _fgetc_fastcall
   491                          	GLOBAL _fgetc
   492                          	GLOBAL _fflush_fastcall
   493                          	GLOBAL _fflush
   494                          	GLOBAL _ferror_fastcall
   495                          	GLOBAL _ferror
   496                          	GLOBAL _feof_fastcall
   497                          	GLOBAL _feof
   498                          	GLOBAL _fdopen_callee
   499                          	GLOBAL _fdopen
   500                          	GLOBAL _fclose_fastcall
   501                          	GLOBAL _fclose
   502                          	GLOBAL _clearerr_fastcall
   503                          	GLOBAL _clearerr
   504                          	GLOBAL _asprintf
   505                          	GLOBAL __fmemopen__callee
   506                          	GLOBAL __fmemopen_
   507                          	GLOBAL _bankmem
   508                          	GLOBAL _highmem
   509                          	GLOBAL _keymem
   510                          	GLOBAL _vidmem
   511                          	GLOBAL _memory
   512                          	GLOBAL _stderr
   513                          	GLOBAL _stdout
   514                          	GLOBAL _stdin
   515                          	GLOBAL __MAX_FOPEN
   516                          ;--------------------------------------------------------
   517                          ; special function registers
   518                          ;--------------------------------------------------------
   519                          ;--------------------------------------------------------
   520                          ; ram data
   521                          ;--------------------------------------------------------
   522                          	SECTION bss_compiler
   523                          ;--------------------------------------------------------
   524                          ; ram data
   525                          ;--------------------------------------------------------
   526                          
   527                          IF 0
   528                          
   529                          ; .area _INITIALIZED removed by z88dk
   530                          
   531                          
   532                          ENDIF
   533                          
   534                          ;--------------------------------------------------------
   535                          ; absolute external ram data
   536                          ;--------------------------------------------------------
   537                          	SECTION IGNORE
   538                          ;--------------------------------------------------------
   539                          ; global & static initialisations
   540                          ;--------------------------------------------------------
   541                          	SECTION code_crt_init
   542                          ;--------------------------------------------------------
   543                          ; Home
   544                          ;--------------------------------------------------------
   545                          	SECTION IGNORE
   546                          ;--------------------------------------------------------
   547                          ; code
   548                          ;--------------------------------------------------------
   549                          	SECTION code_compiler
   550                          ;	---------------------------------
   551                          ; Function main
   552                          ; ---------------------------------
   553                          _main:
   554  0000  2a0000            	ld	hl, (_vidmem)
   555  0003  3600              	ld	(hl),0x00
   556  0005  5d                	ld	e, l
   557  0006  54                	ld	d, h
   558  0007  13                	inc	de
   559  0008  010000            	ld	bc,0x0fff
   560  000b  edb0              	ldir
   561  000d  ed5b0000          	ld	de,(_vidmem)
   562  0011  010b00            	ld	bc,0x000b
   563  0014  210000            	ld	hl,___str_0
   564  0017  edb0              	ldir
   565  0019  cd0000            	call	_wait_for_key
   566  001c  210000            	ld	hl,0x0000
   567  001f  c9                	ret
   568                          	SECTION rodata_compiler
   569                          ___str_0:
   570  0000  4800006c0020776f  	DEFM "Hello world!"
              72ff0f21          
   571  000c  00                	DEFB 0x00
   572                          	SECTION IGNORE
   573                          
